[2026-03-23 15:48:02] ERROR: Unable to load officers. {"exception":"Unable to connect to the database. Update config/database.php or your IMS_DB_* environment variables."}
[2026-03-23 15:48:02] ERROR: Unable to load filtered assets. {"exception":"Unable to connect to the database. Update config/database.php or your IMS_DB_* environment variables."}
[2026-03-23 15:48:03] ERROR: Unable to load chart data. {"exception":"Unable to connect to the database. Update config/database.php or your IMS_DB_* environment variables."}
[2026-03-23 15:48:03] ERROR: Unable to generate report. {"exception":"Unable to connect to the database. Update config/database.php or your IMS_DB_* environment variables."}
[2026-03-23 15:48:24] ERROR: Unable to create officer. {"exception":"Unable to connect to the database. Update config/database.php or your IMS_DB_* environment variables."}
[2026-03-23 15:53:11] ERROR: Unable to load officers. {"exception":"Unable to connect to the database. Update config/database.php or your IMS_DB_* environment variables."}
[2026-03-23 15:53:11] ERROR: Unable to load filtered assets. {"exception":"Unable to connect to the database. Update config/database.php or your IMS_DB_* environment variables."}
[2026-03-23 15:53:11] ERROR: Unable to load chart data. {"exception":"Unable to connect to the database. Update config/database.php or your IMS_DB_* environment variables."}
[2026-03-23 15:53:11] ERROR: Unable to generate report. {"exception":"Unable to connect to the database. Update config/database.php or your IMS_DB_* environment variables."}
[2026-03-23 15:53:27] ERROR: Unable to generate report. {"exception":"Unable to connect to the database. Update config/database.php or your IMS_DB_* environment variables."}
[2026-03-23 15:53:32] ERROR: Unable to generate report. {"exception":"Unable to connect to the database. Update config/database.php or your IMS_DB_* environment variables."}
[2026-03-23 15:53:33] ERROR: Unable to generate report. {"exception":"Unable to connect to the database. Update config/database.php or your IMS_DB_* environment variables."}
[2026-03-23 15:53:34] ERROR: Unable to generate report. {"exception":"Unable to connect to the database. Update config/database.php or your IMS_DB_* environment variables."}
[2026-03-23 15:53:34] ERROR: Unable to generate report. {"exception":"Unable to connect to the database. Update config/database.php or your IMS_DB_* environment variables."}
[2026-03-23 15:55:05] ERROR: Unable to load officers. {"exception":"Unable to connect to the database. Update config/database.php or your IMS_DB_* environment variables."}
[2026-03-23 15:55:05] ERROR: Unable to load chart data. {"exception":"Unable to connect to the database. Update config/database.php or your IMS_DB_* environment variables."}
[2026-03-23 15:55:05] ERROR: Unable to load filtered assets. {"exception":"Unable to connect to the database. Update config/database.php or your IMS_DB_* environment variables."}
[2026-03-23 15:55:05] ERROR: Unable to generate report. {"exception":"Unable to connect to the database. Update config/database.php or your IMS_DB_* environment variables."}
[2026-03-23 15:55:30] ERROR: Unable to add assets. {"exception":"Unable to connect to the database. Update config/database.php or your IMS_DB_* environment variables."}
[2026-03-23 15:56:23] ERROR: Unable to load officers. {"exception":"Unable to connect to the database. Update config/database.php or your IMS_DB_* environment variables."}
[2026-03-23 15:56:23] ERROR: Unable to load filtered assets. {"exception":"Unable to connect to the database. Update config/database.php or your IMS_DB_* environment variables."}
[2026-03-23 15:56:23] ERROR: Unable to load chart data. {"exception":"Unable to connect to the database. Update config/database.php or your IMS_DB_* environment variables."}
[2026-03-23 15:56:23] ERROR: Unable to generate report. {"exception":"Unable to connect to the database. Update config/database.php or your IMS_DB_* environment variables."}
